


          SolidWorks Corporation - STEP Processor Error Log
          ______________________________________________________

                       STEP Post Processor
                       ___________________


STEP File Name: Z:\Users\yj\microscope_design\2camV1\large_FOV_1026\ref\light_path\large_FOV88_10.5_L_SqureMFE.STEP


曲面已成功地形成实体。
STEP-in 完成曲面已成功地形成实体。
STEP-in 完成曲面已成功地形成实体。
STEP-in 完成曲面已成功地形成实体。
STEP-in 完成曲面已成功地形成实体。
STEP-in 完成曲面已成功地形成实体。
STEP-in 完成曲面已成功地形成实体。
STEP-in 完成曲面已成功地形成实体。
STEP-in 完成曲面已成功地形成实体。
STEP-in 完成曲面已成功地形成实体。
STEP-in 完成曲面已成功地形成实体。
STEP-in 完成曲面已成功地形成实体。
STEP-in 完成曲面已成功地形成实体。
STEP-in 完成曲面已成功地形成实体。
STEP-in 完成曲面已成功地形成实体。
STEP-in 完成曲面已成功地形成实体。
STEP-in 完成曲面已成功地形成实体。
STEP-in 完成曲面已成功地形成实体。
STEP-in 完成曲面已成功地形成实体。
STEP-in 完成曲面已成功地形成实体。
STEP-in 完成曲面已成功地形成实体。
STEP-in 完成曲面已成功地形成实体。
STEP-in 完成曲面已成功地形成实体。
STEP-in 完成曲面已成功地形成实体。
STEP-in 完成曲面已成功地形成实体。
STEP-in 完成曲面已成功地形成实体。
STEP-in 完成曲面已成功地形成实体。
STEP-in 完成曲面已成功地形成实体。
STEP-in 完成曲面已成功地形成实体。
STEP-in 完成曲面已成功地形成实体。
STEP-in 完成曲面已成功地形成实体。
STEP-in 完成曲面已成功地形成实体。
STEP-in 完成曲面已成功地形成实体。
STEP-in 完成曲面已成功地形成实体。
STEP-in 完成曲面已成功地形成实体。
STEP-in 完成曲面已成功地形成实体。
STEP-in 完成曲面已成功地形成实体。
STEP-in 完成曲面已成功地形成实体。
STEP-in 完成曲面已成功地形成实体。
STEP-in 完成曲面已成功地形成实体。
STEP-in 完成曲面已成功地形成实体。
STEP-in 完成曲面已成功地形成实体。
STEP-in 完成曲面已成功地形成实体。
STEP-in 完成曲面已成功地形成实体。
STEP-in 完成曲面已成功地形成实体。
STEP-in 完成曲面已成功地形成实体。
STEP-in 完成曲面已成功地形成实体。
STEP-in 完成曲面已成功地形成实体。
STEP-in 完成曲面已成功地形成实体。
STEP-in 完成曲面已成功地形成实体。
STEP-in 完成曲面已成功地形成实体。
STEP-in 完成曲面已成功地形成实体。
STEP-in 完成曲面已成功地形成实体。
STEP-in 完成曲面已成功地形成实体。
STEP-in 完成曲面已成功地形成实体。
STEP-in 完成曲面已成功地形成实体。
STEP-in 完成
Error: 无法从剪裁的曲面生成实体。
STEP-in 无法成功完成
曲面已成功地形成实体。
STEP-in 完成曲面已成功地形成实体。
STEP-in 完成曲面已成功地形成实体。
STEP-in 完成曲面已成功地形成实体。
STEP-in 完成曲面已成功地形成实体。
STEP-in 完成曲面已成功地形成实体。
STEP-in 完成曲面已成功地形成实体。
STEP-in 完成曲面已成功地形成实体。
STEP-in 完成曲面已成功地形成实体。
STEP-in 完成曲面已成功地形成实体。
STEP-in 完成曲面已成功地形成实体。
STEP-in 完成曲面已成功地形成实体。
STEP-in 完成曲面已成功地形成实体。
STEP-in 完成
Error: 无法从剪裁的曲面生成实体。
STEP-in 无法成功完成
曲面已成功地形成实体。
STEP-in 完成
Error: 无法从剪裁的曲面生成实体。
STEP-in 无法成功完成
曲面已成功地形成实体。
STEP-in 完成曲面已成功地形成实体。
STEP-in 完成Reversing curve, low: 0.5, high: 0.5
Bad Curve, low: -0.5, high: -0.5
Reversing curve, low: 0.5, high: 0.5
Bad Curve, low: -0.5, high: -0.5
XLTR: Circuit sanity failure
警告: Surface problem...曲线的环有不一致的方向。
XLTR: Circuit sanity failure
警告: Surface problem...曲线的环有不一致的方向。

Error: 剪裁曲面的操作失败。
STEP-in 无法成功完成
曲面已成功地形成实体。
STEP-in 完成曲面已成功地形成实体。
STEP-in 完成曲面已成功地形成实体。
STEP-in 完成曲面已成功地形成实体。
STEP-in 完成曲面已成功地形成实体。
STEP-in 完成曲面已成功地形成实体。
STEP-in 完成曲面已成功地形成实体。
STEP-in 完成曲面已成功地形成实体。
STEP-in 完成曲面已成功地形成实体。
STEP-in 完成曲面已成功地形成实体。
STEP-in 完成曲面已成功地形成实体。
STEP-in 完成曲面已成功地形成实体。
STEP-in 完成曲面已成功地形成实体。
STEP-in 完成曲面已成功地形成实体。
STEP-in 完成曲面已成功地形成实体。
STEP-in 完成曲面已成功地形成实体。
STEP-in 完成曲面已成功地形成实体。
STEP-in 完成曲面已成功地形成实体。
STEP-in 完成曲面已成功地形成实体。
STEP-in 完成曲面已成功地形成实体。
STEP-in 完成曲面已成功地形成实体。
STEP-in 完成曲面已成功地形成实体。
STEP-in 完成曲面已成功地形成实体。
STEP-in 完成曲面已成功地形成实体。
STEP-in 完成曲面已成功地形成实体。
STEP-in 完成曲面已成功地形成实体。
STEP-in 完成曲面已成功地形成实体。
STEP-in 完成曲面已成功地形成实体。
STEP-in 完成曲面已成功地形成实体。
STEP-in 完成曲面已成功地形成实体。
STEP-in 完成
Error: 无法从剪裁的曲面生成实体。
STEP-in 无法成功完成
曲面已成功地形成实体。
STEP-in 完成曲面已成功地形成实体。
STEP-in 完成曲面已成功地形成实体。
STEP-in 完成曲面已成功地形成实体。
STEP-in 完成曲面已成功地形成实体。
STEP-in 完成曲面已成功地形成实体。
STEP-in 完成曲面已成功地形成实体。
STEP-in 完成曲面已成功地形成实体。
STEP-in 完成曲面已成功地形成实体。
STEP-in 完成曲面已成功地形成实体。
STEP-in 完成曲面已成功地形成实体。
STEP-in 完成曲面已成功地形成实体。
STEP-in 完成曲面已成功地形成实体。
STEP-in 完成曲面已成功地形成实体。
STEP-in 完成曲面已成功地形成实体。
STEP-in 完成
Error: 无法从剪裁的曲面生成实体。
STEP-in 无法成功完成
曲面已成功地形成实体。
STEP-in 完成曲面已成功地形成实体。
STEP-in 完成曲面已成功地形成实体。
STEP-in 完成曲面已成功地形成实体。
STEP-in 完成曲面已成功地形成实体。
STEP-in 完成曲面已成功地形成实体。
STEP-in 完成曲面已成功地形成实体。
STEP-in 完成曲面已成功地形成实体。
STEP-in 完成曲面已成功地形成实体。
STEP-in 完成曲面已成功地形成实体。
STEP-in 完成曲面已成功地形成实体。
STEP-in 完成曲面已成功地形成实体。
STEP-in 完成曲面已成功地形成实体。
STEP-in 完成曲面已成功地形成实体。
STEP-in 完成曲面已成功地形成实体。
STEP-in 完成曲面已成功地形成实体。
STEP-in 完成曲面已成功地形成实体。
STEP-in 完成曲面已成功地形成实体。
STEP-in 完成曲面已成功地形成实体。
STEP-in 完成曲面已成功地形成实体。
STEP-in 完成曲面已成功地形成实体。
STEP-in 完成曲面已成功地形成实体。
STEP-in 完成曲面已成功地形成实体。
STEP-in 完成曲面已成功地形成实体。
STEP-in 完成曲面已成功地形成实体。
STEP-in 完成曲面已成功地形成实体。
STEP-in 完成曲面已成功地形成实体。
STEP-in 完成曲面已成功地形成实体。
STEP-in 完成曲面已成功地形成实体。
STEP-in 完成曲面已成功地形成实体。
STEP-in 完成曲面已成功地形成实体。
STEP-in 完成曲面已成功地形成实体。
STEP-in 完成曲面已成功地形成实体。
STEP-in 完成曲面已成功地形成实体。
STEP-in 完成曲面已成功地形成实体。
STEP-in 完成曲面已成功地形成实体。
STEP-in 完成曲面已成功地形成实体。
STEP-in 完成曲面已成功地形成实体。
STEP-in 完成曲面已成功地形成实体。
STEP-in 完成曲面已成功地形成实体。
STEP-in 完成曲面已成功地形成实体。
STEP-in 完成曲面已成功地形成实体。
STEP-in 完成曲面已成功地形成实体。
STEP-in 完成曲面已成功地形成实体。
STEP-in 完成曲面已成功地形成实体。
STEP-in 完成曲面已成功地形成实体。
STEP-in 完成曲面已成功地形成实体。
STEP-in 完成曲面已成功地形成实体。
STEP-in 完成曲面已成功地形成实体。
STEP-in 完成曲面已成功地形成实体。
STEP-in 完成曲面已成功地形成实体。
STEP-in 完成曲面已成功地形成实体。
STEP-in 完成曲面已成功地形成实体。
STEP-in 完成曲面已成功地形成实体。
STEP-in 完成曲面已成功地形成实体。
STEP-in 完成曲面已成功地形成实体。
STEP-in 完成曲面已成功地形成实体。
STEP-in 完成曲面已成功地形成实体。
STEP-in 完成曲面已成功地形成实体。
STEP-in 完成曲面已成功地形成实体。
STEP-in 完成曲面已成功地形成实体。
STEP-in 完成曲面已成功地形成实体。
STEP-in 完成
Error: 无法从剪裁的曲面生成实体。
STEP-in 无法成功完成
曲面已成功地形成实体。
STEP-in 完成曲面已成功地形成实体。
STEP-in 完成曲面已成功地形成实体。
STEP-in 完成
Error: 无法从剪裁的曲面生成实体。
STEP-in 无法成功完成
曲面已成功地形成实体。
STEP-in 完成曲面已成功地形成实体。
STEP-in 完成曲面已成功地形成实体。
STEP-in 完成曲面已成功地形成实体。
STEP-in 完成曲面已成功地形成实体。
STEP-in 完成曲面已成功地形成实体。
STEP-in 完成曲面已成功地形成实体。
STEP-in 完成曲面已成功地形成实体。
STEP-in 完成警告: Surface problem...在曲面上的环组合无效。

Error: 剪裁曲面的操作失败。
STEP-in 无法成功完成
曲面已成功地形成实体。
STEP-in 完成曲面已成功地形成实体。
STEP-in 完成曲面已成功地形成实体。
STEP-in 完成曲面已成功地形成实体。
STEP-in 完成曲面已成功地形成实体。
STEP-in 完成曲面已成功地形成实体。
STEP-in 完成曲面已成功地形成实体。
STEP-in 完成曲面已成功地形成实体。
STEP-in 完成曲面已成功地形成实体。
STEP-in 完成曲面已成功地形成实体。
STEP-in 完成曲面已成功地形成实体。
STEP-in 完成曲面已成功地形成实体。
STEP-in 完成曲面已成功地形成实体。
STEP-in 完成曲面已成功地形成实体。
STEP-in 完成曲面已成功地形成实体。
STEP-in 完成
Error: 无法从剪裁的曲面生成实体。
STEP-in 无法成功完成
曲面已成功地形成实体。
STEP-in 完成曲面已成功地形成实体。
STEP-in 完成曲面已成功地形成实体。
STEP-in 完成曲面已成功地形成实体。
STEP-in 完成曲面已成功地形成实体。
STEP-in 完成曲面已成功地形成实体。
STEP-in 完成曲面已成功地形成实体。
STEP-in 完成曲面已成功地形成实体。
STEP-in 完成曲面已成功地形成实体。
STEP-in 完成曲面已成功地形成实体。
STEP-in 完成曲面已成功地形成实体。
STEP-in 完成曲面已成功地形成实体。
STEP-in 完成曲面已成功地形成实体。
STEP-in 完成曲面已成功地形成实体。
STEP-in 完成曲面已成功地形成实体。
STEP-in 完成曲面已成功地形成实体。
STEP-in 完成曲面已成功地形成实体。
STEP-in 完成曲面已成功地形成实体。
STEP-in 完成曲面已成功地形成实体。
STEP-in 完成曲面已成功地形成实体。
STEP-in 完成曲面已成功地形成实体。
STEP-in 完成曲面已成功地形成实体。
STEP-in 完成曲面已成功地形成实体。
STEP-in 完成曲面已成功地形成实体。
STEP-in 完成曲面已成功地形成实体。
STEP-in 完成曲面已成功地形成实体。
STEP-in 完成
Error: 无法从剪裁的曲面生成实体。
STEP-in 无法成功完成
曲面已成功地形成实体。
STEP-in 完成曲面已成功地形成实体。
STEP-in 完成曲面已成功地形成实体。
STEP-in 完成曲面已成功地形成实体。
STEP-in 完成曲面已成功地形成实体。
STEP-in 完成曲面已成功地形成实体。
STEP-in 完成曲面已成功地形成实体。
STEP-in 完成曲面已成功地形成实体。
STEP-in 完成曲面已成功地形成实体。
STEP-in 完成曲面已成功地形成实体。
STEP-in 完成曲面已成功地形成实体。
STEP-in 完成曲面已成功地形成实体。
STEP-in 完成曲面已成功地形成实体。
STEP-in 完成曲面已成功地形成实体。
STEP-in 完成曲面已成功地形成实体。
STEP-in 完成曲面已成功地形成实体。
STEP-in 完成曲面已成功地形成实体。
STEP-in 完成曲面已成功地形成实体。
STEP-in 完成
Error: 无法从剪裁的曲面生成实体。
STEP-in 无法成功完成
曲面已成功地形成实体。
STEP-in 完成曲面已成功地形成实体。
STEP-in 完成曲面已成功地形成实体。
STEP-in 完成曲面已成功地形成实体。
STEP-in 完成曲面已成功地形成实体。
STEP-in 完成曲面已成功地形成实体。
STEP-in 完成曲面已成功地形成实体。
STEP-in 完成曲面已成功地形成实体。
STEP-in 完成曲面已成功地形成实体。
STEP-in 完成
Error: 无法从剪裁的曲面生成实体。
STEP-in 无法成功完成
曲面已成功地形成实体。
STEP-in 完成曲面已成功地形成实体。
STEP-in 完成曲面已成功地形成实体。
STEP-in 完成曲面已成功地形成实体。
STEP-in 完成曲面已成功地形成实体。
STEP-in 完成曲面已成功地形成实体。
STEP-in 完成曲面已成功地形成实体。
STEP-in 完成曲面已成功地形成实体。
STEP-in 完成曲面已成功地形成实体。
STEP-in 完成曲面已成功地形成实体。
STEP-in 完成曲面已成功地形成实体。
STEP-in 完成曲面已成功地形成实体。
STEP-in 完成曲面已成功地形成实体。
STEP-in 完成曲面已成功地形成实体。
STEP-in 完成曲面已成功地形成实体。
STEP-in 完成曲面已成功地形成实体。
STEP-in 完成曲面已成功地形成实体。
STEP-in 完成曲面已成功地形成实体。
STEP-in 完成曲面已成功地形成实体。
STEP-in 完成曲面已成功地形成实体。
STEP-in 完成曲面已成功地形成实体。
STEP-in 完成曲面已成功地形成实体。
STEP-in 完成曲面已成功地形成实体。
STEP-in 完成曲面已成功地形成实体。
STEP-in 完成曲面已成功地形成实体。
STEP-in 完成曲面已成功地形成实体。
STEP-in 完成曲面已成功地形成实体。
STEP-in 完成曲面已成功地形成实体。
STEP-in 完成曲面已成功地形成实体。
STEP-in 完成曲面已成功地形成实体。
STEP-in 完成曲面已成功地形成实体。
STEP-in 完成曲面已成功地形成实体。
STEP-in 完成曲面已成功地形成实体。
STEP-in 完成曲面已成功地形成实体。
STEP-in 完成曲面已成功地形成实体。
STEP-in 完成曲面已成功地形成实体。
STEP-in 完成曲面已成功地形成实体。
STEP-in 完成曲面已成功地形成实体。
STEP-in 完成曲面已成功地形成实体。
STEP-in 完成曲面已成功地形成实体。
STEP-in 完成曲面已成功地形成实体。
STEP-in 完成曲面已成功地形成实体。
STEP-in 完成曲面已成功地形成实体。
STEP-in 完成曲面已成功地形成实体。
STEP-in 完成曲面已成功地形成实体。
STEP-in 完成曲面已成功地形成实体。
STEP-in 完成曲面已成功地形成实体。
STEP-in 完成曲面已成功地形成实体。
STEP-in 完成曲面已成功地形成实体。
STEP-in 完成曲面已成功地形成实体。
STEP-in 完成
Error: 无法从剪裁的曲面生成实体。
STEP-in 无法成功完成
曲面已成功地形成实体。
STEP-in 完成曲面已成功地形成实体。
STEP-in 完成曲面已成功地形成实体。
STEP-in 完成曲面已成功地形成实体。
STEP-in 完成曲面已成功地形成实体。
STEP-in 完成曲面已成功地形成实体。
STEP-in 完成曲面已成功地形成实体。
STEP-in 完成曲面已成功地形成实体。
STEP-in 完成曲面已成功地形成实体。
STEP-in 完成曲面已成功地形成实体。
STEP-in 完成曲面已成功地形成实体。
STEP-in 完成曲面已成功地形成实体。
STEP-in 完成曲面已成功地形成实体。
STEP-in 完成曲面已成功地形成实体。
STEP-in 完成曲面已成功地形成实体。
STEP-in 完成曲面已成功地形成实体。
STEP-in 完成曲面已成功地形成实体。
STEP-in 完成曲面已成功地形成实体。
STEP-in 完成曲面已成功地形成实体。
STEP-in 完成曲面已成功地形成实体。
STEP-in 完成曲面已成功地形成实体。
STEP-in 完成曲面已成功地形成实体。
STEP-in 完成曲面已成功地形成实体。
STEP-in 完成曲面已成功地形成实体。
STEP-in 完成曲面已成功地形成实体。
STEP-in 完成曲面已成功地形成实体。
STEP-in 完成曲面已成功地形成实体。
STEP-in 完成曲面已成功地形成实体。
STEP-in 完成曲面已成功地形成实体。
STEP-in 完成曲面已成功地形成实体。
STEP-in 完成
Error: 无法从剪裁的曲面生成实体。
STEP-in 无法成功完成
曲面已成功地形成实体。
STEP-in 完成曲面已成功地形成实体。
STEP-in 完成曲面已成功地形成实体。
STEP-in 完成曲面已成功地形成实体。
STEP-in 完成曲面已成功地形成实体。
STEP-in 完成
Error: 无法从剪裁的曲面生成实体。
STEP-in 无法成功完成
曲面已成功地形成实体。
STEP-in 完成曲面已成功地形成实体。
STEP-in 完成曲面已成功地形成实体。
STEP-in 完成曲面已成功地形成实体。
STEP-in 完成曲面已成功地形成实体。
STEP-in 完成警告: Surface problem...在曲面上的环组合无效。

Error: 剪裁曲面的操作失败。
STEP-in 无法成功完成

Error: 无法从剪裁的曲面生成实体。
STEP-in 无法成功完成
曲面已成功地形成实体。
STEP-in 完成曲面已成功地形成实体。
STEP-in 完成曲面已成功地形成实体。
STEP-in 完成曲面已成功地形成实体。
STEP-in 完成曲面已成功地形成实体。
STEP-in 完成曲面已成功地形成实体。
STEP-in 完成曲面已成功地形成实体。
STEP-in 完成曲面已成功地形成实体。
STEP-in 完成曲面已成功地形成实体。
STEP-in 完成曲面已成功地形成实体。
STEP-in 完成曲面已成功地形成实体。
STEP-in 完成曲面已成功地形成实体。
STEP-in 完成曲面已成功地形成实体。
STEP-in 完成曲面已成功地形成实体。
STEP-in 完成曲面已成功地形成实体。
STEP-in 完成曲面已成功地形成实体。
STEP-in 完成曲面已成功地形成实体。
STEP-in 完成曲面已成功地形成实体。
STEP-in 完成曲面已成功地形成实体。
STEP-in 完成曲面已成功地形成实体。
STEP-in 完成曲面已成功地形成实体。
STEP-in 完成曲面已成功地形成实体。
STEP-in 完成曲面已成功地形成实体。
STEP-in 完成曲面已成功地形成实体。
STEP-in 完成曲面已成功地形成实体。
STEP-in 完成曲面已成功地形成实体。
STEP-in 完成曲面已成功地形成实体。
STEP-in 完成曲面已成功地形成实体。
STEP-in 完成曲面已成功地形成实体。
STEP-in 完成曲面已成功地形成实体。
STEP-in 完成曲面已成功地形成实体。
STEP-in 完成曲面已成功地形成实体。
STEP-in 完成曲面已成功地形成实体。
STEP-in 完成曲面已成功地形成实体。
STEP-in 完成曲面已成功地形成实体。
STEP-in 完成
Error: 无法从剪裁的曲面生成实体。
STEP-in 无法成功完成
曲面已成功地形成实体。
STEP-in 完成曲面已成功地形成实体。
STEP-in 完成曲面已成功地形成实体。
STEP-in 完成曲面已成功地形成实体。
STEP-in 完成曲面已成功地形成实体。
STEP-in 完成曲面已成功地形成实体。
STEP-in 完成曲面已成功地形成实体。
STEP-in 完成曲面已成功地形成实体。
STEP-in 完成曲面已成功地形成实体。
STEP-in 完成曲面已成功地形成实体。
STEP-in 完成曲面已成功地形成实体。
STEP-in 完成曲面已成功地形成实体。
STEP-in 完成曲面已成功地形成实体。
STEP-in 完成曲面已成功地形成实体。
STEP-in 完成曲面已成功地形成实体。
STEP-in 完成曲面已成功地形成实体。
STEP-in 完成曲面已成功地形成实体。
STEP-in 完成曲面已成功地形成实体。
STEP-in 完成曲面已成功地形成实体。
STEP-in 完成曲面已成功地形成实体。
STEP-in 完成曲面已成功地形成实体。
STEP-in 完成曲面已成功地形成实体。
STEP-in 完成曲面已成功地形成实体。
STEP-in 完成曲面已成功地形成实体。
STEP-in 完成曲面已成功地形成实体。
STEP-in 完成曲面已成功地形成实体。
STEP-in 完成曲面已成功地形成实体。
STEP-in 完成曲面已成功地形成实体。
STEP-in 完成
Error: 无法从剪裁的曲面生成实体。
STEP-in 无法成功完成
曲面已成功地形成实体。
STEP-in 完成曲面已成功地形成实体。
STEP-in 完成曲面已成功地形成实体。
STEP-in 完成曲面已成功地形成实体。
STEP-in 完成曲面已成功地形成实体。
STEP-in 完成